   0  $accept : date $end

   1  date : MONTH NUMBER ',' NUMBER
   2       | MONTH NUMBER ';' NUMBER

state 0
	$accept : . date $end  (0)

	MONTH  shift 1
	.  error

	date  goto 2


state 1
	date : MONTH . NUMBER ',' NUMBER  (1)
	date : MONTH . NUMBER ';' NUMBER  (2)

	NUMBER  shift 3
	.  error


state 2
	$accept : date . $end  (0)

	$end  accept


state 3
	date : MONTH NUMBER . ',' NUMBER  (1)
	date : MONTH NUMBER . ';' NUMBER  (2)

	','  shift 4
	';'  shift 5
	.  error


state 4
	date : MONTH NUMBER ',' . NUMBER  (1)

	NUMBER  shift 6
	.  error


state 5
	date : MONTH NUMBER ';' . NUMBER  (2)

	NUMBER  shift 7
	.  error


state 6
	date : MONTH NUMBER ',' NUMBER .  (1)

	.  reduce 1


state 7
	date : MONTH NUMBER ';' NUMBER .  (2)

	.  reduce 2


6 terminals, 2 nonterminals
3 grammar rules, 8 states
