nikita@nikita-pc:~/temp$ whoami
nikita
nikita@nikita-pc:~/temp$ id -u nikita
1000
nikita@nikita-pc:~/temp$ id -u root
0
nikita@nikita-pc:~/temp$ ps -Al
F S   UID   PID  PPID  C PRI  NI ADDR SZ WCHAN  TTY          TIME CMD
4 S     0     1     0  0  80   0 - 46329 -      ?        00:00:06 systemd
1 S     0     2     0  0  80   0 -     0 -      ?        00:00:00 kthreadd
( ... )
4 S     0  2009     1  0  80   0 - 54414 -      ?        00:00:00 snapd
4 S   106  2017     1  0  80   0 - 11076 -      ?        00:00:10 dbus-daemon
4 S   109  2043     1  0  80   0 - 96673 -      ?        00:00:00 whoopsie
0 S     0  2054     1  0  80   0 -  1100 -      ?        00:00:01 acpid
4 S   104  2056     1  0  80   0 - 64099 -      ?        00:00:00 rsyslogd
4 S     0  2060     1  0  80   0 - 74615 -      ?        00:00:00 accounts-daemo
( ... )
4 S  1000  2269     1  0  80   0 - 11341 ep_pol ?        00:00:00 systemd
5 S  1000  2272  2269  0  80   0 - 15849 -      ?        00:00:00 (sd-pam)
4 S  1000  2275  2263  0  80   0 - 13387 poll_s ?        00:00:01 upstart
4 S 65534  2392  2080  0  80   0 - 14984 -      ?        00:00:00 dnsmasq
( ... )
1 S     0  4809     2  0  80   0 -     0 -      ?        00:00:00 kworker/u8:0
0 R  1000  4916  4545  0  80   0 -  8996 -      pts/2 
