Use CONNECT or CREATE DATABASE to specify a database
SQL> CREATE DATABASE '127.0.0.1/3050:D:\temp\TEMP_DATABASE.fdb' USER 'SYSDBA' PASSWORD 'masterkey';
SQL> CONNECT '127.0.0.1/3050:D:\temp\TEMP_DATABASE.fdb' USER 'SYSDBA' PASSWORD 'masterkey';
Commit current transaction (y/n)?Y
Committing.
Database: '127.0.0.1/3050:D:\temp\TEMP_DATABASE.fdb', User: SYSDBA
SQL> CREATE TABLE TEMP_TABLE (ID_TEMP_TABLE INTEGER NOT NULL PRIMARY KEY);
SQL> COMMIT;


SQL> INSERT INTO TEMP_TABLE VALUES(30);
SQL> COMMIT;
SQL> SELECT * FROM TEMP_TABLE;

ID_TEMP_TABLE
=============
           30

SQL> ROLLBACK;
SQL> SELECT * FROM TEMP_TABLE;

ID_TEMP_TABLE
=============
           30
		   
		 
SQL> INSERT INTO TEMP_TABLE VALUES(35);
SQL> SELECT * FROM TEMP_TABLE;

ID_TEMP_TABLE
=============
           30
           35

SQL> ROLLBACK;
SQL> SELECT * FROM TEMP_TABLE;

ID_TEMP_TABLE
=============
           30	



SQL> INSERT INTO TEMP_TABLE VALUES(40);
SQL> SELECT * FROM TEMP_TABLE;

ID_TEMP_TABLE
=============
           30
           40

SQL> SAVEPOINT FIRST_SAVEPOINT;
SQL> DELETE FROM TEMP_TABLE;
SQL> SELECT * FROM TEMP_TABLE;
SQL> ROLLBACK TO FIRST_SAVEPOINT;
SQL> SELECT * FROM TEMP_TABLE;

ID_TEMP_TABLE
=============
           30
           40		   
		 
