nikita@nikita-pc:~/temp$ gdb gdbtest
GNU gdb (Ubuntu 7.11-0ubuntu1) 7.11
( ... )
Reading symbols from gdbtest...(no debugging symbols found)...done.
(gdb) break main
Breakpoint 1 at 0x40064a
(gdb) run -v
Starting program: /home/nikita/temp/gdbtest -v

Breakpoint 1, 0x000000000040064a in main ()
(gdb) next
Single stepping until exit from function main,
which has no line number information.
hello
5
num 5
__libc_start_main (main=0x400646 <main>, argc=2, argv=0x7fffffffde68, 
    init=<optimized out>, fini=<optimized out>, rtld_fini=<optimized out>, 
    stack_end=0x7fffffffde58) at ../csu/libc-start.c:325
325	../csu/libc-start.c: No such file or directory.
(gdb) quit
