nikita@nikita-pc:~$ ps
  PID TTY          TIME CMD
 3274 pts/4    00:00:00 bash
 3294 pts/4    00:00:00 ps
nikita@nikita-pc:~$ ps -A
  PID TTY          TIME CMD
    1 ?        00:00:04 systemd
    2 ?        00:00:00 kthreadd
    3 ?        00:00:00 ksoftirqd/0
    5 ?        00:00:00 kworker/0:0H
    7 ?        00:00:03 rcu_sched
    8 ?        00:00:00 rcu_bh
    9 ?        00:00:00 migration/0
   10 ?        00:00:00 watchdog/0
   11 ?        00:00:00 watchdog/1
   12 ?        00:00:00 migration/1
   ( ... )
 3267 ?        00:00:01 gnome-terminal-
 3274 pts/4    00:00:00 bash
 3295 pts/4    00:00:00 ps
nikita@nikita-pc:~$ ps -T
  PID  SPID TTY          TIME CMD
 2278  2278 pts/2    00:00:00 bash
 2295  2295 pts/2    00:00:00 ps
nikita@nikita-pc:~$ ps r
  PID TTY      STAT   TIME COMMAND
 2347 pts/2    R+     0:00 ps r
nikita@nikita-pc:~$ ps -d
  PID TTY          TIME CMD
    2 ?        00:00:00 kthreadd
    3 ?        00:00:00 ksoftirqd/0
    5 ?        00:00:00 kworker/0:0H
    6 ?        00:00:01 kworker/u8:0
    7 ?        00:00:01 rcu_sched
    ( ... )
 2104 ?        00:00:00 dhclient
 2198 ?        00:00:00 avahi-daemon
 2271 ?        00:00:04 gnome-terminal-
 2325 ?        00:00:00 gvfsd-http
 2335 ?        00:00:03 gedit
 2354 pts/2    00:00:00 ps
nikita@nikita-pc:~$ ps -N -d
  PID TTY          TIME CMD
    1 ?        00:00:04 systemd
  232 ?        00:00:00 systemd-journal
  265 ?        00:00:01 systemd-udevd
    ( ... )
 1518 ?        00:00:00 udisksd
 1522 ?        00:00:00 colord
 2178 ?        00:00:00 avahi-daemon
 2278 pts/2    00:00:00 bash

