  PID TTY      STAT   TIME COMMAND
 3803 pts/1    S+     0:00 sudo sh p2.2.sh
 3804 pts/1    S+     0:00  \_ sh p2.2.sh
 3810 pts/1    S+     0:00      \_ ./p2.1.3
 3811 pts/1    Z+     0:00          \_ [p2.1.1.ch] <defunct>
 3816 pts/1    S+     0:00          \_ sh -c ps xf > p2.1.3.z2.log
 3817 pts/1    R+     0:00              \_ ps xf
    2 ?        S      0:00 [kthreadd]
    3 ?        S      0:00  \_ [ksoftirqd/0]
    5 ?        S<     0:00  \_ [kworker/0:0H]
    6 ?        S      0:01  \_ [kworker/u8:0]
    7 ?        S      0:01  \_ [rcu_sched]
    8 ?        S      0:00  \_ [rcu_bh]
    9 ?        S      0:00  \_ [migration/0]
   10 ?        S      0:00  \_ [watchdog/0]
   11 ?        S      0:00  \_ [watchdog/1]
   12 ?        S      0:00  \_ [migration/1]
   13 ?        S      0:00  \_ [ksoftirqd/1]
   15 ?        S<     0:00  \_ [kworker/1:0H]
   16 ?        S      0:00  \_ [watchdog/2]
   17 ?        S      0:00  \_ [migration/2]
   18 ?        S      0:00  \_ [ksoftirqd/2]
   20 ?        S<     0:00  \_ [kworker/2:0H]
   21 ?        S      0:00  \_ [watchdog/3]
   22 ?        S      0:00  \_ [migration/3]
   23 ?        S      0:00  \_ [ksoftirqd/3]
   25 ?        S<     0:00  \_ [kworker/3:0H]
   26 ?        S      0:00  \_ [kdevtmpfs]
   27 ?        S<     0:00  \_ [netns]
   28 ?        S<     0:00  \_ [perf]
   29 ?        S      0:00  \_ [khungtaskd]
   30 ?        S<     0:00  \_ [writeback]
   31 ?        SN     0:00  \_ [ksmd]
   32 ?        SN     0:00  \_ [khugepaged]
   33 ?        S<     0:00  \_ [crypto]
   34 ?        S<     0:00  \_ [kintegrityd]
   35 ?        S<     0:00  \_ [bioset]
   36 ?        S<     0:00  \_ [kblockd]
   37 ?        S<     0:00  \_ [ata_sff]
   38 ?        S<     0:00  \_ [md]
   39 ?        S<     0:00  \_ [devfreq_wq]
   40 ?        S      0:00  \_ [kworker/0:1]
   41 ?        S      0:00  \_ [kworker/1:1]
   42 ?        S      0:00  \_ [kworker/2:1]
   43 ?        S      0:00  \_ [kworker/3:1]
   45 ?        S      0:00  \_ [kswapd0]
   46 ?        S<     0:00  \_ [vmstat]
   47 ?        S      0:00  \_ [fsnotify_mark]
   48 ?        S      0:00  \_ [ecryptfs-kthrea]
   64 ?        S<     0:00  \_ [kthrotld]
   65 ?        S<     0:00  \_ [acpi_thermal_pm]
   67 ?        S<     0:00  \_ [bioset]
   68 ?        S<     0:00  \_ [bioset]
   69 ?        S<     0:00  \_ [bioset]
   70 ?        S<     0:00  \_ [bioset]
   71 ?        S<     0:00  \_ [bioset]
   72 ?        S<     0:00  \_ [bioset]
   73 ?        S<     0:00  \_ [bioset]
   74 ?        S<     0:00  \_ [bioset]
   75 ?        S<     0:00  \_ [bioset]
   76 ?        S<     0:00  \_ [bioset]
   77 ?        S<     0:00  \_ [bioset]
   78 ?        S<     0:00  \_ [bioset]
   79 ?        S<     0:00  \_ [bioset]
   80 ?        S<     0:00  \_ [bioset]
   81 ?        S<     0:00  \_ [bioset]
   82 ?        S<     0:00  \_ [bioset]
   83 ?        S<     0:00  \_ [bioset]
   84 ?        S<     0:00  \_ [bioset]
   85 ?        S<     0:00  \_ [bioset]
   86 ?        S<     0:00  \_ [bioset]
   87 ?        S<     0:00  \_ [bioset]
   88 ?        S<     0:00  \_ [bioset]
   89 ?        S<     0:00  \_ [bioset]
   90 ?        S<     0:00  \_ [bioset]
   94 ?        S<     0:00  \_ [ipv6_addrconf]
   95 ?        S      0:00  \_ [kworker/3:2]
  108 ?        S<     0:00  \_ [deferwq]
  109 ?        S<     0:00  \_ [charger_manager]
  132 ?        S      0:00  \_ [kworker/1:2]
  297 ?        S      0:00  \_ [scsi_eh_0]
  298 ?        S<     0:00  \_ [scsi_tmf_0]
  303 ?        S      0:00  \_ [scsi_eh_1]
  305 ?        S<     0:00  \_ [scsi_tmf_1]
  309 ?        S      0:00  \_ [scsi_eh_2]
  310 ?        S<     0:00  \_ [scsi_tmf_2]
  311 ?        S      0:00  \_ [scsi_eh_3]
  313 ?        S<     0:00  \_ [scsi_tmf_3]
  323 ?        S<     0:00  \_ [kpsmoused]
  362 ?        S      0:00  \_ [kworker/2:2]
  591 ?        S<     0:00  \_ [rtsx_pci_sdmmc_]
  603 ?        S<     0:00  \_ [bioset]
  689 ?        S<     0:00  \_ [kworker/3:1H]
  690 ?        S<     0:00  \_ [kworker/1:1H]
  692 ?        D      0:00  \_ [jbd2/sda1-8]
  693 ?        S<     0:00  \_ [ext4-rsv-conver]
  720 ?        S      0:00  \_ [kauditd]
  798 ?        S<     0:00  \_ [kworker/2:1H]
  804 ?        S<     0:00  \_ [kworker/0:1H]
 1424 ?        S<     0:00  \_ [kmemstick]
 1605 ?        S<     0:00  \_ [cfg80211]
 3579 ?        S      0:00  \_ [kworker/0:0]
 3619 ?        S      0:00  \_ [kworker/u8:1]
 3734 ?        S      0:00  \_ [kworker/3:0]
 3735 ?        S      0:00  \_ [kworker/u8:2]
    1 ?        Ss     0:04 /sbin/init splash
  727 ?        Ss     0:00 /lib/systemd/systemd-journald
  762 ?        Ss     0:01 /lib/systemd/systemd-udevd
 2039 ?        Ssl    0:00 /usr/lib/accountsservice/accounts-daemon
 2041 ?        Ss     0:00 /lib/systemd/systemd-logind
 2058 ?        Ssl    0:01 /usr/sbin/NetworkManager --no-daemon
 2361 ?        S      0:00  \_ /sbin/dhclient -d -q -sf /usr/lib/NetworkManager/nm-dhcp-helper -pf /var/run/dhclient-wlp2s0.pid -lf /var/lib/NetworkManager/dhclient-a1be907e-1bbd-4f4c-a4fa-89a06a4b1f04-wlp2s0.lease -cf /var/lib/NetworkManager/dhclient-wlp2s0.conf wlp2s0
 2079 ?        Ssl    0:00 /usr/lib/snapd/snapd
 2081 ?        Ssl    0:00 /usr/sbin/ModemManager
 2096 ?        Ss     0:00 /usr/sbin/acpid
 2111 ?        Ss     0:00 /usr/sbin/cron -f
 2136 ?        Ssl    0:00 /usr/sbin/cups-browsed
 2151 ?        Ssl    0:00 /usr/lib/policykit-1/polkitd --no-debug
 2159 ?        Ssl    0:00 /usr/sbin/lightdm
 2239 tty7     Ssl+   0:35  \_ /usr/lib/xorg/Xorg -core :0 -seat seat0 -auth /var/run/lightdm/root/:0 -nolisten tcp vt7 -novtswitch
 2303 ?        Sl     0:00  \_ lightdm --session-child 12 15
 2263 ?        Ss     0:00 /usr/sbin/irqbalance --pid=/var/run/irqbalance.pid
 2269 ?        Ss     0:00 /sbin/wpa_supplicant -u -s -O /run/wpa_supplicant
 2287 tty1     Ss+    0:00 /sbin/agetty --noclear tty1 linux
 2820 ?        Ssl    0:00 /usr/lib/upower/upowerd
 3000 ?        Ssl    0:00 /usr/lib/udisks2/udisksd --no-debug
 3011 ?        Sl     0:03 /usr/lib/x86_64-linux-gnu/fwupd/fwupd
