Грамматика

    0 $accept: __list $end

    1 __list: _list

    2 _list: /* пусто */
    3      | list

    4 list: NUM
    5     | NUM ',' list


Терминальные символы с правилами, в которых они появляются

$end (0) 0
',' (44) 5
error (256)
NUM (258) 4 5


Нетерминальные символы с правилами, в которых они появляются

$accept (5)
    налево: 0
__list (6)
    налево: 1, направо: 0
_list (7)
    налево: 2 3, направо: 1
list (8)
    налево: 4 5, направо: 3 5


состояние 0

    0 $accept: . __list $end

    NUM  сдвиг, и переход в состояние 1

    $default  вывод с использованием правила 2 (_list)

    __list  переход в состояние 2
    _list   переход в состояние 3
    list    переход в состояние 4


состояние 1

    4 list: NUM .
    5     | NUM . ',' list

    ','  сдвиг, и переход в состояние 5

    $default  вывод с использованием правила 4 (list)


состояние 2

    0 $accept: __list . $end

    $end  сдвиг, и переход в состояние 6


состояние 3

    1 __list: _list .

    $default  вывод с использованием правила 1 (__list)


состояние 4

    3 _list: list .

    $default  вывод с использованием правила 3 (_list)


состояние 5

    5 list: NUM ',' . list

    NUM  сдвиг, и переход в состояние 1

    list  переход в состояние 7


состояние 6

    0 $accept: __list $end .

    $default  accept


состояние 7

    5 list: NUM ',' list .

    $default  вывод с использованием правила 5 (list)
