Грамматика

    0 $accept: between $end

    1 date: MONTH NUMBER ',' NUMBER

    2 @1: /* пусто */

    3 between: date @1 '-' date


Терминальные символы с правилами, в которых они появляются

$end (0) 0
',' (44) 1
'-' (45) 3
error (256)
MONTH (258) 1
NUMBER (259) 1


Нетерминальные символы с правилами, в которых они появляются

$accept (7)
    налево: 0
date (8)
    налево: 1, направо: 3
between (9)
    налево: 3, направо: 0
@1 (10)
    налево: 2, направо: 3


состояние 0

    0 $accept: . between $end

    MONTH  сдвиг, и переход в состояние 1

    date     переход в состояние 2
    between  переход в состояние 3


состояние 1

    1 date: MONTH . NUMBER ',' NUMBER

    NUMBER  сдвиг, и переход в состояние 4


состояние 2

    3 between: date . @1 '-' date

    $default  вывод с использованием правила 2 (@1)

    @1  переход в состояние 5


состояние 3

    0 $accept: between . $end

    $end  сдвиг, и переход в состояние 6


состояние 4

    1 date: MONTH NUMBER . ',' NUMBER

    ','  сдвиг, и переход в состояние 7


состояние 5

    3 between: date @1 . '-' date

    '-'  сдвиг, и переход в состояние 8


состояние 6

    0 $accept: between $end .

    $default  accept


состояние 7

    1 date: MONTH NUMBER ',' . NUMBER

    NUMBER  сдвиг, и переход в состояние 9


состояние 8

    3 between: date @1 '-' . date

    MONTH  сдвиг, и переход в состояние 1

    date  переход в состояние 10


состояние 9

    1 date: MONTH NUMBER ',' NUMBER .

    $default  вывод с использованием правила 1 (date)


состояние 10

    3 between: date @1 '-' date .

    $default  вывод с использованием правила 3 (between)
