Грамматика

    0 $accept: date $end

    1 date: MONTH NUMBER ',' NUMBER


Терминальные символы с правилами, в которых они появляются

$end (0) 0
',' (44) 1
error (256)
MONTH (258) 1
NUMBER (259) 1


Нетерминальные символы с правилами, в которых они появляются

$accept (6)
    налево: 0
date (7)
    налево: 1, направо: 0


состояние 0

    0 $accept: . date $end

    MONTH  сдвиг, и переход в состояние 1

    date  переход в состояние 2


состояние 1

    1 date: MONTH . NUMBER ',' NUMBER

    NUMBER  сдвиг, и переход в состояние 3


состояние 2

    0 $accept: date . $end

    $end  сдвиг, и переход в состояние 4


состояние 3

    1 date: MONTH NUMBER . ',' NUMBER

    ','  сдвиг, и переход в состояние 5


состояние 4

    0 $accept: date $end .

    $default  accept


состояние 5

    1 date: MONTH NUMBER ',' . NUMBER

    NUMBER  сдвиг, и переход в состояние 6


состояние 6

    1 date: MONTH NUMBER ',' NUMBER .

    $default  вывод с использованием правила 1 (date)
