\BOOKMARK [0][]{chapter*.2}{\376\377\004\023\004\073\004\076\004\101\004\101\004\060\004\100\004\070\004\071}{}% 1
\BOOKMARK [0][]{chapter*.3}{\376\377\004\022\004\022\004\025\004\024\004\025\004\035\004\030\004\025}{}% 2
\BOOKMARK [0][]{chapter.1}{\376\377\0001\000.\000\040\000\040\004\036\004\061\004\067\004\076\004\100\000\040\004\101\004\103\004\111\004\065\004\101\004\102\004\062\004\103\004\116\004\111\004\070\004\105\000\040\004\102\004\065\004\105\004\075\004\076\004\073\004\076\004\063\004\070\004\071\000\040\004\063\004\073\004\103\004\061\004\076\004\072\004\076\004\063\004\076\000\040\004\076\004\061\004\103\004\107\004\065\004\075\004\070\004\117}{}% 3
\BOOKMARK [1][]{section.1.1}{\376\377\0001\000.\0001\000.\000\040\000\040\004\041\004\100\004\060\004\062\004\075\004\065\004\075\004\070\004\065\000\040\004\077\004\100\004\076\004\063\004\100\004\060\004\074\004\074\000\040\004\063\004\073\004\103\004\061\004\076\004\072\004\076\004\063\004\076\000\040\004\076\004\061\004\103\004\107\004\065\004\075\004\070\004\117}{chapter.1}% 4
\BOOKMARK [1][]{section.1.2}{\376\377\0001\000.\0002\000.\000\040\000\040\004\034\004\076\004\064\004\065\004\073\004\070\000\040\004\075\004\065\004\071\004\100\004\076\004\075\004\075\004\113\004\105\000\040\004\101\004\065\004\102\004\065\004\071}{chapter.1}% 5
\BOOKMARK [1][]{section.1.3}{\376\377\0001\000.\0003\000.\000\040\000\040\004\041\004\103\004\111\004\065\004\101\004\102\004\062\004\103\004\116\004\111\004\070\004\065\000\040\004\073\004\060\004\061\004\076\004\100\004\060\004\102\004\076\004\100\004\075\004\113\004\065\000\040\004\100\004\060\004\061\004\076\004\102\004\113}{chapter.1}% 6
\BOOKMARK [0][]{chapter.2}{\376\377\0002\000.\000\040\000\040\004\020\004\075\004\060\004\073\004\070\004\067\000\040\004\067\004\060\004\064\004\060\004\107\000\040\004\070\000\040\004\074\004\076\004\064\004\065\004\073\004\065\004\071\000\040\004\063\004\073\004\103\004\061\004\076\004\072\004\076\004\063\004\076\000\040\004\076\004\061\004\103\004\107\004\065\004\075\004\070\004\117}{}% 7
\BOOKMARK [1][]{section.2.1}{\376\377\0002\000.\0001\000.\000\040\000\040\004\020\004\075\004\060\004\073\004\070\004\067\000\040\004\067\004\060\004\064\004\060\004\107}{chapter.2}% 8
\BOOKMARK [2][-]{subsection.2.1.1}{\376\377\0002\000.\0001\000.\0001\000.\000\040\000\040\004\032\004\073\004\060\004\101\004\101\004\070\004\104\004\070\004\072\004\060\004\106\004\070\004\117\000\040\004\070\004\067\004\076\004\061\004\100\004\060\004\066\004\065\004\075\004\070\004\071}{section.2.1}% 9
\BOOKMARK [2][-]{subsection.2.1.2}{\376\377\0002\000.\0001\000.\0002\000.\000\040\000\040\004\033\004\076\004\072\004\060\004\073\004\070\004\067\004\060\004\106\004\070\004\117\000\040\004\076\004\061\004\112\004\065\004\072\004\102\004\060}{section.2.1}% 10
\BOOKMARK [2][-]{subsection.2.1.3}{\376\377\0002\000.\0001\000.\0003\000.\000\040\000\040\004\037\004\100\004\076\004\063\004\075\004\076\004\067\004\070\004\100\004\076\004\062\004\060\004\075\004\070\004\065\000\040\004\062\004\100\004\065\004\074\004\065\004\075\004\075\004\113\004\105\000\040\004\100\004\117\004\064\004\076\004\062}{section.2.1}% 11
\BOOKMARK [1][]{section.2.2}{\376\377\0002\000.\0002\000.\000\040\000\040\004\020\004\075\004\060\004\073\004\070\004\067\000\040\004\074\004\076\004\064\004\065\004\073\004\065\004\071}{chapter.2}% 12
\BOOKMARK [2][-]{subsection.2.2.1}{\376\377\0002\000.\0002\000.\0001\000.\000\040\000\040\004\041\004\062\004\065\004\100\004\102\004\076\004\107\004\075\004\060\004\117\000\040\004\075\004\065\004\071\004\100\004\076\004\075\004\075\004\060\004\117\000\040\004\101\004\065\004\102\004\114}{section.2.2}% 13
\BOOKMARK [2][-]{subsection.2.2.2}{\376\377\0002\000.\0002\000.\0002\000.\000\040\000\040\004\024\004\076\004\073\004\063\004\060\004\117\000\040\004\072\004\100\004\060\004\102\004\072\004\076\004\101\004\100\004\076\004\107\004\075\004\060\004\117\000\040\004\077\004\060\004\074\004\117\004\102\004\114}{section.2.2}% 14
\BOOKMARK [0][]{chapter.3}{\376\377\0003\000.\000\040\000\040\004\040\004\065\004\060\004\073\004\070\004\067\004\060\004\106\004\070\004\117\000\040\004\072\004\076\004\074\004\077\004\073\004\065\004\072\004\101\004\060}{}% 15
\BOOKMARK [1][]{section.3.1}{\376\377\0003\000.\0001\000.\000\040\000\040\000I\000P\000y\000t\000h\000o\000n\000\040\004\070\000\040\000J\000u\000p\000y\000t\000e\000r\000\040\000N\000o\000t\000e\000b\000o\000o\000k}{chapter.3}% 16
\BOOKMARK [1][]{section.3.2}{\376\377\0003\000.\0002\000.\000\040\000\040\004\036\004\077\004\070\004\101\004\060\004\075\004\070\004\065\000\040\004\063\004\076\004\102\004\076\004\062\004\113\004\105\000\040\004\100\004\060\004\061\004\076\004\102}{chapter.3}% 17
\BOOKMARK [2][-]{subsection.3.2.1}{\376\377\0003\000.\0002\000.\0001\000.\000\040\000\040\004\041\004\102\004\100\004\103\004\072\004\102\004\103\004\100\004\060\000\040\004\072\004\103\004\100\004\101\004\060}{section.3.2}% 18
\BOOKMARK [2][-]{subsection.3.2.2}{\376\377\0003\000.\0002\000.\0002\000.\000\040\000\040\004\040\004\065\004\060\004\073\004\070\004\067\004\060\004\106\004\070\004\117\000\040\004\077\004\065\004\100\004\062\004\076\004\071\000\040\004\073\004\060\004\061\004\076\004\100\004\060\004\102\004\076\004\100\004\075\004\076\004\071\000\040\004\100\004\060\004\061\004\076\004\102\004\113}{section.3.2}% 19
\BOOKMARK [2][-]{subsection.3.2.3}{\376\377\0003\000.\0002\000.\0003\000.\000\040\000\040\004\040\004\065\004\060\004\073\004\070\004\067\004\060\004\106\004\070\004\117\000\040\004\062\004\102\004\076\004\100\004\076\004\071\000\040\004\073\004\060\004\061\004\076\004\100\004\060\004\102\004\076\004\100\004\075\004\076\004\071\000\040\004\100\004\060\004\061\004\076\004\102\004\113}{section.3.2}% 20
\BOOKMARK [2][-]{subsection.3.2.4}{\376\377\0003\000.\0002\000.\0004\000.\000\040\000\040\004\040\004\065\004\060\004\073\004\070\004\067\004\060\004\106\004\070\004\117\000\040\004\102\004\100\004\065\004\102\004\114\004\065\004\071\000\040\004\073\004\060\004\061\004\076\004\100\004\060\004\102\004\076\004\100\004\075\004\076\004\071\000\040\004\100\004\060\004\061\004\076\004\102\004\113}{section.3.2}% 21
\BOOKMARK [0][]{chapter.4}{\376\377\0004\000.\000\040\000\040\004\020\004\077\004\100\004\076\004\061\004\060\004\106\004\070\004\117\000\040\004\072\004\103\004\100\004\101\004\060\000\040\004\073\004\060\004\061\004\076\004\100\004\060\004\102\004\076\004\100\004\075\004\113\004\105\000\040\004\100\004\060\004\061\004\076\004\102}{}% 22
\BOOKMARK [1][]{section.4.1}{\376\377\0004\000.\0001\000.\000\040\000\040\004\033\004\060\004\061\004\076\004\100\004\060\004\102\004\076\004\100\004\075\004\060\004\117\000\040\004\100\004\060\004\061\004\076\004\102\004\060\000\040\0001}{chapter.4}% 23
\BOOKMARK [1][]{section.4.2}{\376\377\0004\000.\0002\000.\000\040\000\040\004\033\004\060\004\061\004\076\004\100\004\060\004\102\004\076\004\100\004\075\004\060\004\117\000\040\004\100\004\060\004\061\004\076\004\102\004\060\000\040\0002}{chapter.4}% 24
\BOOKMARK [1][]{section.4.3}{\376\377\0004\000.\0003\000.\000\040\000\040\004\033\004\060\004\061\004\076\004\100\004\060\004\102\004\076\004\100\004\075\004\060\004\117\000\040\004\100\004\060\004\061\004\076\004\102\004\060\000\040\0003}{chapter.4}% 25
\BOOKMARK [0][]{chapter*.68}{\376\377\004\027\004\020\004\032\004\033\004\056\004\047\004\025\004\035\004\030\004\025}{}% 26
\BOOKMARK [0][]{chapter*.70}{\376\377\004\041\004\037\004\030\004\041\004\036\004\032\000\040\004\030\004\041\004\037\004\036\004\033\004\054\004\027\004\036\004\022\004\020\004\035\004\035\004\053\004\045\000\040\004\030\004\041\004\042\004\036\004\047\004\035\004\030\004\032\004\036\004\022}{}% 27
\BOOKMARK [0][]{appendix.A}{\376\377\004\037\004\040\004\030\004\033\004\036\004\026\004\025\004\035\004\030\004\025\000\040\0001\000.\000\040\000\040\004\035\004\060\004\101\004\102\004\100\004\076\004\071\004\072\004\060\000\040\004\100\004\060\004\061\004\076\004\107\004\065\004\071\000\040\004\101\004\100\004\065\004\064\004\113}{}% 28
\BOOKMARK [0][]{appendix.B}{\376\377\004\037\004\040\004\030\004\033\004\036\004\026\004\025\004\035\004\030\004\025\000\040\0002\000.\000\040\000\040\004\033\004\060\004\061\004\076\004\100\004\060\004\102\004\076\004\100\004\075\004\060\004\117\000\040\004\100\004\060\004\061\004\076\004\102\004\060\000.\000\040\004\032\004\073\004\060\004\101\004\101\004\070\004\104\004\070\004\072\004\060\004\106\004\070\004\117\000\040\004\070\004\067\004\076\004\061\004\100\004\060\004\066\004\065\004\075\004\070\004\071}{}% 29
