nikita@nikita-pc:~/Desktop$ cat Quartus\ II.desktop [Desktop Entry]
Type=Application
Version=0.9.4
Name=Quartus II 13.1 (64-bit) Web Edition
Comment=Quartus II 13.1 (64-bit)
Icon=/home/nikita/files/software/altera/13.1/quartus/adm/quartusii.png
Exec=/home/nikita/files/software/altera/13.1/quartus/bin/quartus --64bit
Terminal=false
Path=/home/nikita/files/software/altera/13.1
Name[en_US]=Quartus II

nikita@nikita-pc:~/Desktop$ cat files
cat: files: Is a directory

nikita@nikita-pc:~/Desktop$ cat Quartus\ II.desktop gedit.desktop 

[Desktop Entry]
Type=Application
(...)
Path=/home/nikita/files/software/altera/13.1
Name[en_US]=Quartus II

#!/usr/bin/env xdg-open
[Desktop Entry]
Name=gedit
(...)
[Desktop Action new-document]
Name=Open a New Document
Exec=gedit --new-document
