nikita@nikita-pc:~$ pwd
/home/nikita
nikita@nikita-pc:~$ >prog.c
nikita@nikita-pc:~$ ls /home/nikita
Desktop    examples.desktop  Pictures  temp1.txt
Documents  files             prog.c    Templates
Downloads  Music             Public    Videos
nikita@nikita-pc:~$ ls /
bin    initrd.img      media  sbin  var
boot   initrd.img.old  mnt    snap  vmlinuz
cdrom  lib             opt    srv   vmlinuz.old
dev    lib32           proc   sys
etc    lib64           root   tmp
home   lost+found      run    usr
nikita@nikita-pc:~$ ls -l /
total 104
drwxr-xr-x   2 root root  4096 май 29 23:06 bin
drwxr-xr-x   3 root root  4096 июл 30 14:27 boot
drwxrwxr-x   2 root root  4096 май 29 22:57 cdrom
drwxr-xr-x  21 root root  4320 сен 13 10:12 dev
( ... )
drwxr-xr-x  12 root root  4096 июл 30 10:37 usr
drwxr-xr-x  14 root root  4096 апр 21 01:19 var
lrwxrwxrwx   1 root root    29 июл 30 14:25 vmlinuz -> boot/vmlinuz-4.4.0-31-generic
lrwxrwxrwx   1 root root    29 май 29 23:00 vmlinuz.old -> boot/vmlinuz-4.4.0-21-generic
nikita@nikita-pc:~$ ls /bin
bash           networkctl
bunzip2        nisdomainname
busybox        ntfs-3g
bzcat          ntfs-3g.probe
bzcmp          ntfs-3g.secaudit
bzdiff         ntfs-3g.usermap
( ... )

nikita@nikita-pc:~$ cd ..
nikita@nikita-pc:/home$ cd ..
nikita@nikita-pc:/$ cd ..
nikita@nikita-pc:/$ ls -ld /
drwxr-xr-x 25 root root 4096 июл 30 14:25 /
nikita@nikita-pc:/$ ls -ld /bin
drwxr-xr-x 2 root root 4096 май 29 23:06 /bin
nikita@nikita-pc:/$ ls -ld /home/nikita/
drwxr-xr-x 25 nikita nikita 4096 сен 13 10:53 /home/nikita/
nikita@nikita-pc:/$ cd
nikita@nikita-pc:~$ mkdir temp
nikita@nikita-pc:~$ cd temp
nikita@nikita-pc:~/temp$ cp ../prog.c .
nikita@nikita-pc:~/temp$ cd ..
nikita@nikita-pc:~$ ls
Desktop           files     Public     Videos
Documents         Music     temp
Downloads         Pictures  temp1.txt
examples.desktop  prog.c    Templates
nikita@nikita-pc:~$ rmdir temp/
rmdir: failed to remove 'temp/': Directory not empty
nikita@nikita-pc:~$ rm temp/prog.c
nikita@nikita-pc:~$ rmdir temp/
nikita@nikita-pc:~$ ls
Desktop    examples.desktop  Pictures  temp1.txt
Documents  files             prog.c    Templates
Downloads  Music             Public    Videos
