# Terminal 1
nikita@nikita-pc:~/temp$ gcc p7.1.1.se.c -o p7.1.1.se
nikita@nikita-pc:~/temp$ gcc p7.1.1.cl.c -o p7.1.1.cl
nikita@nikita-pc:~/temp$ ./p7.1.se
Using default filename: readfile.txt.
Client's message: 111111111
Client's message: 333333333
Client's message: 222222222
Client's message: 444444444
^CClear finished.

# Terminal 2
nikita@nikita-pc:~/temp$ ./p7.1.1.cl
Using default filename: readfile.txt.
111111111
333333333
^CClear finished.

# Terminal 3
nikita@nikita-pc:~/temp$ ./p7.1.1.cl
Using default filename: readfile.txt.
222222222
444444444
^CClear finished.

