nikita@nikita-pc:~/temp1$ >tempfile
nikita@nikita-pc:~/temp1$ link tempfile templink
nikita@nikita-pc:~/temp1$ ls -l
(...)
-rw-rw-r-- 2 nikita nikita   0 окт 18 11:49 tempfile
-rw-rw-r-- 2 nikita nikita   0 окт 18 11:49 templink
nikita@nikita-pc:~/temp1$ rm templink tempfile 

nikita@nikita-pc:~/temp1$ >tempfile
nikita@nikita-pc:~/temp1$ ln tempfile templink
nikita@nikita-pc:~/temp1$ ls -l
(...)
-rw-rw-r-- 2 nikita nikita   0 окт 18 11:49 tempfile
-rw-rw-r-- 2 nikita nikita   0 окт 18 11:49 templink
nikita@nikita-pc:~/temp1$ rm templink tempfile 

nikita@nikita-pc:~/temp1$ >tempfile
nikita@nikita-pc:~/temp1$ ln -s tempfile templink
nikita@nikita-pc:~/temp1$ ls -l
(...)
-rw-rw-r-- 1 nikita nikita   0 окт 18 11:59 tempfile
lrwxrwxrwx 1 nikita nikita   8 окт 18 11:59 templink -> tempfile
nikita@nikita-pc:~/temp1$ rm templink tempfile 

nikita@nikita-pc:~/temp1$ >tempfile
nikita@nikita-pc:~/temp1$ cp tempfile templink
nikita@nikita-pc:~/temp1$ ls -l
(...)
-rw-rw-r-- 1 nikita nikita   0 окт 18 12:02 tempfile
-rw-rw-r-- 1 nikita nikita   0 окт 18 12:02 templink
nikita@nikita-pc:~/temp1$ rm templink tempfile