Грамматика

    0 $accept: date $end

    1 date: MONTH NUMBER NUMBER


Терминальные символы с правилами, в которых они появляются

$end (0) 0
error (256)
NUMBER (258) 1
MONTH (259) 1


Нетерминальные символы с правилами, в которых они появляются

$accept (5)
    налево: 0
date (6)
    налево: 1, направо: 0


состояние 0

    0 $accept: . date $end

    MONTH  сдвиг, и переход в состояние 1

    date  переход в состояние 2


состояние 1

    1 date: MONTH . NUMBER NUMBER

    NUMBER  сдвиг, и переход в состояние 3


состояние 2

    0 $accept: date . $end

    $end  сдвиг, и переход в состояние 4


состояние 3

    1 date: MONTH NUMBER . NUMBER

    NUMBER  сдвиг, и переход в состояние 5


состояние 4

    0 $accept: date $end .

    $default  accept


состояние 5

    1 date: MONTH NUMBER NUMBER .

    $default  вывод с использованием правила 1 (date)
