nikita@nikita-pc:~/temp1$ df
Filesystem     1K-blocks     Used Available Use% Mounted on
udev              998788        0    998788   0% /dev
tmpfs             203612     6420    197192   4% /run
/dev/sda1      305481976 59911132 230030212  21% /
tmpfs            1018056      220   1017836   1% /dev/shm
tmpfs               5120        4      5116   1% /run/lock
tmpfs            1018056        0   1018056   0% /sys/fs/cgroup
tmpfs             203612       60    203552   1% /run/user/1000
/dev/sdb1        2002624     5664   1996960   1% /media/nikita/4B52-FD2E

nikita@nikita-pc:~$ df -h
Filesystem      Size  Used Avail Use% Mounted on
udev            976M     0  976M   0% /dev
tmpfs           199M  6,4M  193M   4% /run
/dev/sda1       292G   58G  220G  21% /
tmpfs           995M  184K  995M   1% /dev/shm
tmpfs           5,0M  4,0K  5,0M   1% /run/lock
tmpfs           995M     0  995M   0% /sys/fs/cgroup
tmpfs           199M   44K  199M   1% /run/user/1000
/dev/sdb1       1,9G  5,5K  1,9G   1% /media/nikita/4B52-FD2E

nikita@nikita-pc:~$ df -i
Filesystem       Inodes   IUsed    IFree IUse% Mounted on
udev             249697     562   249135    1% /dev
tmpfs            254514     780   253734    1% /run
/dev/sda1      19406848 1095765 18311083    6% /
tmpfs            254514       7   254507    1% /dev/shm
tmpfs            254514       5   254509    1% /run/lock
tmpfs            254514      16   254498    1% /sys/fs/cgroup
tmpfs            254514      27   254487    1% /run/user/1000
/dev/sdb1             0       0        0     - /media/nikita/4B52-FD2E

nikita@nikita-pc:~$ df -ih
Filesystem     Inodes IUsed IFree IUse% Mounted on
udev             244K   562  244K    1% /dev
tmpfs            249K   780  248K    1% /run
/dev/sda1         19M  1,1M   18M    6% /
tmpfs            249K     7  249K    1% /dev/shm
tmpfs            249K     5  249K    1% /run/lock
tmpfs            249K    16  249K    1% /sys/fs/cgroup
tmpfs            249K    27  249K    1% /run/user/1000
/dev/sdb1           0     0     0     - /media/nikita/4B52-FD2E

nikita@nikita-pc:~$ df -hT
Filesystem     Type      Size  Used Avail Use% Mounted on
udev           devtmpfs  976M     0  976M   0% /dev
tmpfs          tmpfs     199M  6,4M  193M   4% /run
/dev/sda1      ext4      292G   58G  220G  21% /
tmpfs          tmpfs     995M  184K  995M   1% /dev/shm
tmpfs          tmpfs     5,0M  4,0K  5,0M   1% /run/lock
tmpfs          tmpfs     995M     0  995M   0% /sys/fs/cgroup
tmpfs          tmpfs     199M   48K  199M   1% /run/user/1000
/dev/sdb1       vfat     1,9G  5,5K  1,9G   1% /media/nikita/4B52-FD2E

