Count of threads - 7, time to stop - 5.
Process priority is IDLE_PRIORITY_CLASS.

Priority                        Boost  Changed     Counter
THREAD_PRIORITY_IDLE            Yes    No          8790427
THREAD_PRIORITY_LOWEST          Yes    No          9057098
THREAD_PRIORITY_BELOW_NORMAL    Yes    No          9253933
THREAD_PRIORITY_NORMAL          Yes    No          9597097
THREAD_PRIORITY_ABOVE_NORMAL    Yes    No          9196167
THREAD_PRIORITY_HIGHEST         Yes    No          9581430
THREAD_PRIORITY_TIME_CRITICAL   Yes    No         10261306

Process priority is BELOW_NORMAL_PRIORITY_CLASS.

Priority                        Boost  Changed     Counter
THREAD_PRIORITY_IDLE            Yes    No          9494646
THREAD_PRIORITY_LOWEST          Yes    No          9575198
THREAD_PRIORITY_BELOW_NORMAL    Yes    No          9350859
THREAD_PRIORITY_NORMAL          Yes    No          9847109
THREAD_PRIORITY_ABOVE_NORMAL    Yes    No          9968149
THREAD_PRIORITY_HIGHEST         Yes    No          9966572
THREAD_PRIORITY_TIME_CRITICAL   Yes    No         10262892

Process priority is NORMAL_PRIORITY_CLASS.

Priority                        Boost  Changed     Counter
THREAD_PRIORITY_IDLE            Yes    No          8520514
THREAD_PRIORITY_LOWEST          Yes    No          9783950
THREAD_PRIORITY_BELOW_NORMAL    Yes    No          9150265
THREAD_PRIORITY_NORMAL          Yes    No         10332312
THREAD_PRIORITY_ABOVE_NORMAL    Yes    No         10489061
THREAD_PRIORITY_HIGHEST         Yes    No          9308324
THREAD_PRIORITY_TIME_CRITICAL   Yes    No         11359137

Process priority is ABOVE_NORMAL_PRIORITY_CLASS.

Priority                        Boost  Changed     Counter
THREAD_PRIORITY_IDLE            Yes    No          8494694
THREAD_PRIORITY_LOWEST          Yes    No          7868407
THREAD_PRIORITY_BELOW_NORMAL    Yes    No          9519697
THREAD_PRIORITY_NORMAL          Yes    No         10915955
THREAD_PRIORITY_ABOVE_NORMAL    Yes    No         11329135
THREAD_PRIORITY_HIGHEST         Yes    No         10557174
THREAD_PRIORITY_TIME_CRITICAL   Yes    No         10245337

Process priority is HIGH_PRIORITY_CLASS.

Priority                        Boost  Changed     Counter
THREAD_PRIORITY_IDLE            Yes    No          5434433
THREAD_PRIORITY_LOWEST          Yes    No         11784753
THREAD_PRIORITY_BELOW_NORMAL    Yes    No         11762219
THREAD_PRIORITY_NORMAL          Yes    No         11385041
THREAD_PRIORITY_ABOVE_NORMAL    Yes    No         11612825
THREAD_PRIORITY_HIGHEST         Yes    No         10978057
THREAD_PRIORITY_TIME_CRITICAL   Yes    No          7753954

Process priority is REALTIME_PRIORITY_CLASS.

Priority                        Boost  Changed     Counter
THREAD_PRIORITY_IDLE            Yes    No          7666557
THREAD_PRIORITY_LOWEST          Yes    No         10013229
THREAD_PRIORITY_BELOW_NORMAL    Yes    No          5649789
THREAD_PRIORITY_NORMAL          Yes    No          9850837
THREAD_PRIORITY_ABOVE_NORMAL    Yes    No         12064692
THREAD_PRIORITY_HIGHEST         Yes    No         12126302
THREAD_PRIORITY_TIME_CRITICAL   Yes    No         12746440

Press "Enter" to exit.