nikita@nikita-VirtualBox:~/files/work$ gcc __environ.c -o __environ
nikita@nikita-VirtualBox:~/files/work$ ./__environ 
XDG_VTNR=7
LC_PAPER=ru_RU.UTF-8
LC_ADDRESS=ru_RU.UTF-8
XDG_SESSION_ID=c1
XDG_GREETER_DATA_DIR=/var/lib/lightdm-data/nikita
LC_MONETARY=ru_RU.UTF-8
CLUTTER_IM_MODULE=xim
SESSION=ubuntu
GPG_AGENT_INFO=/home/nikita/.gnupg/S.gpg-agent:0:1
TERM=xterm-256color
VTE_VERSION=4205
XDG_MENU_PREFIX=gnome-
SHELL=/bin/bash
QT_LINUX_ACCESSIBILITY_ALWAYS_ON=1
( ... )
PWD=/home/nikita/files/work
JOB=dbus
XMODIFIERS=@im=ibus
GNOME_KEYRING_PID=
LANG=en_US.UTF-8
GDM_LANG=en_US
MANDATORY_PATH=/usr/share/gconf/ubuntu.mandatory.path
LC_MEASUREMENT=ru_RU.UTF-8
COMPIZ_CONFIG_PROFILE=ubuntu
IM_CONFIG_PHASE=1
GDMSESSION=ubuntu
SESSIONTYPE=gnome-session
GTK2_MODULES=overlay-scrollbar
SHLVL=1
HOME=/home/nikita
XDG_SEAT=seat0
LANGUAGE=en_US
( ... )
LC_NAME=ru_RU.UTF-8
XAUTHORITY=/home/nikita/.Xauthority
_=./__environ
