Грамматика

    0 $accept: op $end

    1 op: ex
    2   | ex op

    3 ex: start_switch cond body

    4 start_switch: SWITCH

    5 cond: '(' exp ')'

    6 iii: VARNAME
    7    | VARVALUE

    8 exp: iii
    9    | exp '+' iii
   10    | exp '-' iii
   11    | exp '*' iii
   12    | exp '/' iii

   13 body: '{' op2 '}'

   14 op2: ex2
   15    | ex2 op2

   16 ex2: start_case cond2 assign1 start_break ';'

   17 start_case: CASE

   18 cond2: iii ':'

   19 assign1: assign1 ex
   20        | ex
   21        | assign1 assign
   22        | assign

   23 assign: iii '=' iii ';'

   24 start_break: BREAK


Терминальные символы с правилами, в которых они появляются

$end (0) 0
'(' (40) 5
')' (41) 5
'*' (42) 11
'+' (43) 9
'-' (45) 10
'/' (47) 12
':' (58) 18
';' (59) 16 23
'=' (61) 23
'{' (123) 13
'}' (125) 13
error (256)
SWITCH (258) 4
CASE (259) 17
BREAK (260) 24
VARNAME (261) 6
VARVALUE (262) 7


Нетерминальные символы с правилами, в которых они появляются

$accept (19)
    налево: 0
op (20)
    налево: 1 2, направо: 0 2
ex (21)
    налево: 3, направо: 1 2 19 20
start_switch (22)
    налево: 4, направо: 3
cond (23)
    налево: 5, направо: 3
iii (24)
    налево: 6 7, направо: 8 9 10 11 12 18 23
exp (25)
    налево: 8 9 10 11 12, направо: 5 9 10 11 12
body (26)
    налево: 13, направо: 3
op2 (27)
    налево: 14 15, направо: 13 15
ex2 (28)
    налево: 16, направо: 14 15
start_case (29)
    налево: 17, направо: 16
cond2 (30)
    налево: 18, направо: 16
assign1 (31)
    налево: 19 20 21 22, направо: 16 19 21
assign (32)
    налево: 23, направо: 21 22
start_break (33)
    налево: 24, направо: 16


состояние 0

    0 $accept: . op $end

    SWITCH  сдвиг, и переход в состояние 1

    op            переход в состояние 2
    ex            переход в состояние 3
    start_switch  переход в состояние 4


состояние 1

    4 start_switch: SWITCH .

    $default  вывод с использованием правила 4 (start_switch)


состояние 2

    0 $accept: op . $end

    $end  сдвиг, и переход в состояние 5


состояние 3

    1 op: ex .
    2   | ex . op

    SWITCH  сдвиг, и переход в состояние 1

    $default  вывод с использованием правила 1 (op)

    op            переход в состояние 6
    ex            переход в состояние 3
    start_switch  переход в состояние 4


состояние 4

    3 ex: start_switch . cond body

    '('  сдвиг, и переход в состояние 7

    cond  переход в состояние 8


состояние 5

    0 $accept: op $end .

    $default  accept


состояние 6

    2 op: ex op .

    $default  вывод с использованием правила 2 (op)


состояние 7

    5 cond: '(' . exp ')'

    VARNAME   сдвиг, и переход в состояние 9
    VARVALUE  сдвиг, и переход в состояние 10

    iii  переход в состояние 11
    exp  переход в состояние 12


состояние 8

    3 ex: start_switch cond . body

    '{'  сдвиг, и переход в состояние 13

    body  переход в состояние 14


состояние 9

    6 iii: VARNAME .

    $default  вывод с использованием правила 6 (iii)


состояние 10

    7 iii: VARVALUE .

    $default  вывод с использованием правила 7 (iii)


состояние 11

    8 exp: iii .

    $default  вывод с использованием правила 8 (exp)


состояние 12

    5 cond: '(' exp . ')'
    9 exp: exp . '+' iii
   10    | exp . '-' iii
   11    | exp . '*' iii
   12    | exp . '/' iii

    ')'  сдвиг, и переход в состояние 15
    '+'  сдвиг, и переход в состояние 16
    '-'  сдвиг, и переход в состояние 17
    '*'  сдвиг, и переход в состояние 18
    '/'  сдвиг, и переход в состояние 19


состояние 13

   13 body: '{' . op2 '}'

    CASE  сдвиг, и переход в состояние 20

    op2         переход в состояние 21
    ex2         переход в состояние 22
    start_case  переход в состояние 23


состояние 14

    3 ex: start_switch cond body .

    $default  вывод с использованием правила 3 (ex)


состояние 15

    5 cond: '(' exp ')' .

    $default  вывод с использованием правила 5 (cond)


состояние 16

    9 exp: exp '+' . iii

    VARNAME   сдвиг, и переход в состояние 9
    VARVALUE  сдвиг, и переход в состояние 10

    iii  переход в состояние 24


состояние 17

   10 exp: exp '-' . iii

    VARNAME   сдвиг, и переход в состояние 9
    VARVALUE  сдвиг, и переход в состояние 10

    iii  переход в состояние 25


состояние 18

   11 exp: exp '*' . iii

    VARNAME   сдвиг, и переход в состояние 9
    VARVALUE  сдвиг, и переход в состояние 10

    iii  переход в состояние 26


состояние 19

   12 exp: exp '/' . iii

    VARNAME   сдвиг, и переход в состояние 9
    VARVALUE  сдвиг, и переход в состояние 10

    iii  переход в состояние 27


состояние 20

   17 start_case: CASE .

    $default  вывод с использованием правила 17 (start_case)


состояние 21

   13 body: '{' op2 . '}'

    '}'  сдвиг, и переход в состояние 28


состояние 22

   14 op2: ex2 .
   15    | ex2 . op2

    CASE  сдвиг, и переход в состояние 20

    $default  вывод с использованием правила 14 (op2)

    op2         переход в состояние 29
    ex2         переход в состояние 22
    start_case  переход в состояние 23


состояние 23

   16 ex2: start_case . cond2 assign1 start_break ';'

    VARNAME   сдвиг, и переход в состояние 9
    VARVALUE  сдвиг, и переход в состояние 10

    iii    переход в состояние 30
    cond2  переход в состояние 31


состояние 24

    9 exp: exp '+' iii .

    $default  вывод с использованием правила 9 (exp)


состояние 25

   10 exp: exp '-' iii .

    $default  вывод с использованием правила 10 (exp)


состояние 26

   11 exp: exp '*' iii .

    $default  вывод с использованием правила 11 (exp)


состояние 27

   12 exp: exp '/' iii .

    $default  вывод с использованием правила 12 (exp)


состояние 28

   13 body: '{' op2 '}' .

    $default  вывод с использованием правила 13 (body)


состояние 29

   15 op2: ex2 op2 .

    $default  вывод с использованием правила 15 (op2)


состояние 30

   18 cond2: iii . ':'

    ':'  сдвиг, и переход в состояние 32


состояние 31

   16 ex2: start_case cond2 . assign1 start_break ';'

    SWITCH    сдвиг, и переход в состояние 1
    VARNAME   сдвиг, и переход в состояние 9
    VARVALUE  сдвиг, и переход в состояние 10

    ex            переход в состояние 33
    start_switch  переход в состояние 4
    iii           переход в состояние 34
    assign1       переход в состояние 35
    assign        переход в состояние 36


состояние 32

   18 cond2: iii ':' .

    $default  вывод с использованием правила 18 (cond2)


состояние 33

   20 assign1: ex .

    $default  вывод с использованием правила 20 (assign1)


состояние 34

   23 assign: iii . '=' iii ';'

    '='  сдвиг, и переход в состояние 37


состояние 35

   16 ex2: start_case cond2 assign1 . start_break ';'
   19 assign1: assign1 . ex
   21        | assign1 . assign

    SWITCH    сдвиг, и переход в состояние 1
    BREAK     сдвиг, и переход в состояние 38
    VARNAME   сдвиг, и переход в состояние 9
    VARVALUE  сдвиг, и переход в состояние 10

    ex            переход в состояние 39
    start_switch  переход в состояние 4
    iii           переход в состояние 34
    assign        переход в состояние 40
    start_break   переход в состояние 41


состояние 36

   22 assign1: assign .

    $default  вывод с использованием правила 22 (assign1)


состояние 37

   23 assign: iii '=' . iii ';'

    VARNAME   сдвиг, и переход в состояние 9
    VARVALUE  сдвиг, и переход в состояние 10

    iii  переход в состояние 42


состояние 38

   24 start_break: BREAK .

    $default  вывод с использованием правила 24 (start_break)


состояние 39

   19 assign1: assign1 ex .

    $default  вывод с использованием правила 19 (assign1)


состояние 40

   21 assign1: assign1 assign .

    $default  вывод с использованием правила 21 (assign1)


состояние 41

   16 ex2: start_case cond2 assign1 start_break . ';'

    ';'  сдвиг, и переход в состояние 43


состояние 42

   23 assign: iii '=' iii . ';'

    ';'  сдвиг, и переход в состояние 44


состояние 43

   16 ex2: start_case cond2 assign1 start_break ';' .

    $default  вывод с использованием правила 16 (ex2)


состояние 44

   23 assign: iii '=' iii ';' .

    $default  вывод с использованием правила 23 (assign)
